{
  "RSpec": {
    "coverage": {
      "/Users/Pav/Desktop/Makers/Week 10/bank-tech-test/spec/bank_account_spec.rb": {
        "lines": [
          1,
          null,
          1,
          1,
          1,
          null,
          null,
          1,
          1,
          1,
          null,
          null,
          1,
          1,
          1,
          1,
          null,
          null
        ]
      },
      "/Users/Pav/Desktop/Makers/Week 10/bank-tech-test/lib/bank_account.rb": {
        "lines": [
          1,
          null,
          1,
          null,
          1,
          null,
          1,
          3,
          null,
          null,
          1,
          2,
          null,
          null,
          1,
          1,
          null,
          null
        ]
      }
    },
    "timestamp": 1630409197
  }
}
